{"/home/brian/Documents/mds_social/config/db.js": {"path":"/home/brian/Documents/mds_social/config/db.js","statementMap":{"0":{"start":{"line":3,"column":0},"end":{"line":3,"column":16}},"1":{"start":{"line":6,"column":11},"end":{"line":12,"column":2}}},"fnMap":{},"branchMap":{"0":{"loc":{"start":{"line":11,"column":14},"end":{"line":11,"column":87}},"type":"cond-expr","locations":[{"start":{"line":11,"column":48},"end":{"line":11,"column":65}},{"start":{"line":11,"column":68},"end":{"line":11,"column":87}}],"line":11}},"s":{"0":2,"1":2},"f":{},"b":{"0":[2,0]},"_coverageSchema":"1a1c01bbd47fc00a2c39e90264f33305004495a9","hash":"4ffba582b031e8ec787c6de31f5959d1372c75fe"}
,"/home/brian/Documents/mds_social/config/server.js": {"path":"/home/brian/Documents/mds_social/config/server.js","statementMap":{"0":{"start":{"line":6,"column":12},"end":{"line":6,"column":21}},"1":{"start":{"line":7,"column":0},"end":{"line":7,"column":24}},"2":{"start":{"line":9,"column":0},"end":{"line":11,"column":3}},"3":{"start":{"line":10,"column":4},"end":{"line":10,"column":53}},"4":{"start":{"line":13,"column":0},"end":{"line":13,"column":28}},"5":{"start":{"line":14,"column":0},"end":{"line":14,"column":28}},"6":{"start":{"line":15,"column":0},"end":{"line":15,"column":28}}},"fnMap":{"0":{"name":"(anonymous_0)","decl":{"start":{"line":9,"column":16},"end":{"line":9,"column":17}},"loc":{"start":{"line":9,"column":30},"end":{"line":11,"column":1}},"line":9}},"branchMap":{},"s":{"0":2,"1":2,"2":2,"3":0,"4":2,"5":2,"6":2},"f":{"0":0},"b":{},"_coverageSchema":"1a1c01bbd47fc00a2c39e90264f33305004495a9","hash":"a5623cbcd0bd4d959931f3020f534f0398439e12"}
,"/home/brian/Documents/mds_social/controllers/authController.js": {"path":"/home/brian/Documents/mds_social/controllers/authController.js","statementMap":{"0":{"start":{"line":5,"column":0},"end":{"line":5,"column":16}},"1":{"start":{"line":7,"column":17},"end":{"line":22,"column":1}},"2":{"start":{"line":8,"column":2},"end":{"line":21,"column":3}},"3":{"start":{"line":9,"column":40},"end":{"line":9,"column":48}},"4":{"start":{"line":10,"column":4},"end":{"line":10,"column":93}},"5":{"start":{"line":10,"column":40},"end":{"line":10,"column":93}},"6":{"start":{"line":12,"column":21},"end":{"line":12,"column":59}},"7":{"start":{"line":13,"column":4},"end":{"line":13,"column":85}},"8":{"start":{"line":13,"column":14},"end":{"line":13,"column":85}},"9":{"start":{"line":15,"column":27},"end":{"line":15,"column":54}},"10":{"start":{"line":16,"column":21},"end":{"line":16,"column":78}},"11":{"start":{"line":17,"column":4},"end":{"line":17,"column":92}},"12":{"start":{"line":17,"column":33},"end":{"line":17,"column":92}},"13":{"start":{"line":19,"column":4},"end":{"line":19,"column":25}},"14":{"start":{"line":20,"column":4},"end":{"line":20,"column":50}},"15":{"start":{"line":24,"column":14},"end":{"line":42,"column":1}},"16":{"start":{"line":25,"column":4},"end":{"line":41,"column":5}},"17":{"start":{"line":26,"column":36},"end":{"line":26,"column":44}},"18":{"start":{"line":27,"column":8},"end":{"line":27,"column":95}},"19":{"start":{"line":27,"column":33},"end":{"line":27,"column":95}},"20":{"start":{"line":29,"column":25},"end":{"line":29,"column":63}},"21":{"start":{"line":30,"column":8},"end":{"line":30,"column":89}},"22":{"start":{"line":30,"column":19},"end":{"line":30,"column":89}},"23":{"start":{"line":32,"column":32},"end":{"line":32,"column":76}},"24":{"start":{"line":33,"column":8},"end":{"line":33,"column":83}},"25":{"start":{"line":33,"column":30},"end":{"line":33,"column":83}},"26":{"start":{"line":35,"column":22},"end":{"line":35,"column":107}},"27":{"start":{"line":37,"column":8},"end":{"line":37,"column":62}},"28":{"start":{"line":39,"column":8},"end":{"line":39,"column":29}},"29":{"start":{"line":40,"column":8},"end":{"line":40,"column":54}}},"fnMap":{"0":{"name":"(anonymous_0)","decl":{"start":{"line":7,"column":17},"end":{"line":7,"column":18}},"loc":{"start":{"line":7,"column":43},"end":{"line":22,"column":1}},"line":7},"1":{"name":"(anonymous_1)","decl":{"start":{"line":24,"column":14},"end":{"line":24,"column":15}},"loc":{"start":{"line":24,"column":34},"end":{"line":42,"column":1}},"line":24}},"branchMap":{"0":{"loc":{"start":{"line":10,"column":4},"end":{"line":10,"column":93}},"type":"if","locations":[{"start":{"line":10,"column":4},"end":{"line":10,"column":93}},{"start":{},"end":{}}],"line":10},"1":{"loc":{"start":{"line":10,"column":8},"end":{"line":10,"column":38}},"type":"binary-expr","locations":[{"start":{"line":10,"column":8},"end":{"line":10,"column":15}},{"start":{"line":10,"column":19},"end":{"line":10,"column":25}},{"start":{"line":10,"column":29},"end":{"line":10,"column":38}}],"line":10},"2":{"loc":{"start":{"line":13,"column":4},"end":{"line":13,"column":85}},"type":"if","locations":[{"start":{"line":13,"column":4},"end":{"line":13,"column":85}},{"start":{},"end":{}}],"line":13},"3":{"loc":{"start":{"line":17,"column":4},"end":{"line":17,"column":92}},"type":"if","locations":[{"start":{"line":17,"column":4},"end":{"line":17,"column":92}},{"start":{},"end":{}}],"line":17},"4":{"loc":{"start":{"line":27,"column":8},"end":{"line":27,"column":95}},"type":"if","locations":[{"start":{"line":27,"column":8},"end":{"line":27,"column":95}},{"start":{},"end":{}}],"line":27},"5":{"loc":{"start":{"line":27,"column":12},"end":{"line":27,"column":31}},"type":"binary-expr","locations":[{"start":{"line":27,"column":12},"end":{"line":27,"column":18}},{"start":{"line":27,"column":22},"end":{"line":27,"column":31}}],"line":27},"6":{"loc":{"start":{"line":30,"column":8},"end":{"line":30,"column":89}},"type":"if","locations":[{"start":{"line":30,"column":8},"end":{"line":30,"column":89}},{"start":{},"end":{}}],"line":30},"7":{"loc":{"start":{"line":33,"column":8},"end":{"line":33,"column":83}},"type":"if","locations":[{"start":{"line":33,"column":8},"end":{"line":33,"column":83}},{"start":{},"end":{}}],"line":33}},"s":{"0":2,"1":2,"2":3,"3":3,"4":3,"5":1,"6":2,"7":2,"8":0,"9":2,"10":2,"11":2,"12":2,"13":0,"14":0,"15":2,"16":3,"17":3,"18":3,"19":0,"20":3,"21":3,"22":0,"23":3,"24":3,"25":0,"26":3,"27":3,"28":0,"29":0},"f":{"0":3,"1":3},"b":{"0":[1,2],"1":[3,3,2],"2":[0,2],"3":[2,0],"4":[0,3],"5":[3,3],"6":[0,3],"7":[0,3]},"_coverageSchema":"1a1c01bbd47fc00a2c39e90264f33305004495a9","hash":"ff15b933f00eec34cc2118d0f1f1789c31b06a68"}
,"/home/brian/Documents/mds_social/controllers/postController.js": {"path":"/home/brian/Documents/mds_social/controllers/postController.js","statementMap":{"0":{"start":{"line":3,"column":15},"end":{"line":11,"column":1}},"1":{"start":{"line":4,"column":2},"end":{"line":10,"column":3}},"2":{"start":{"line":5,"column":20},"end":{"line":5,"column":45}},"3":{"start":{"line":6,"column":4},"end":{"line":6,"column":20}},"4":{"start":{"line":8,"column":4},"end":{"line":8,"column":25}},"5":{"start":{"line":9,"column":4},"end":{"line":9,"column":50}},"6":{"start":{"line":13,"column":15},"end":{"line":23,"column":1}},"7":{"start":{"line":14,"column":2},"end":{"line":22,"column":3}},"8":{"start":{"line":15,"column":15},"end":{"line":15,"column":36}},"9":{"start":{"line":16,"column":21},"end":{"line":16,"column":48}},"10":{"start":{"line":17,"column":4},"end":{"line":18,"column":24}},"11":{"start":{"line":17,"column":15},"end":{"line":17,"column":35}},"12":{"start":{"line":18,"column":9},"end":{"line":18,"column":24}},"13":{"start":{"line":20,"column":4},"end":{"line":20,"column":25}},"14":{"start":{"line":21,"column":4},"end":{"line":21,"column":50}},"15":{"start":{"line":25,"column":19},"end":{"line":37,"column":1}},"16":{"start":{"line":26,"column":2},"end":{"line":36,"column":3}},"17":{"start":{"line":27,"column":24},"end":{"line":27,"column":32}},"18":{"start":{"line":28,"column":4},"end":{"line":28,"column":35}},"19":{"start":{"line":29,"column":4},"end":{"line":29,"column":71}},"20":{"start":{"line":29,"column":18},"end":{"line":29,"column":71}},"21":{"start":{"line":30,"column":21},"end":{"line":30,"column":56}},"22":{"start":{"line":31,"column":21},"end":{"line":31,"column":61}},"23":{"start":{"line":32,"column":4},"end":{"line":32,"column":31}},"24":{"start":{"line":34,"column":4},"end":{"line":34,"column":25}},"25":{"start":{"line":35,"column":4},"end":{"line":35,"column":50}},"26":{"start":{"line":39,"column":19},"end":{"line":50,"column":1}},"27":{"start":{"line":40,"column":2},"end":{"line":49,"column":3}},"28":{"start":{"line":41,"column":17},"end":{"line":41,"column":25}},"29":{"start":{"line":42,"column":15},"end":{"line":42,"column":36}},"30":{"start":{"line":43,"column":21},"end":{"line":43,"column":56}},"31":{"start":{"line":44,"column":4},"end":{"line":45,"column":29}},"32":{"start":{"line":44,"column":33},"end":{"line":44,"column":53}},"33":{"start":{"line":45,"column":9},"end":{"line":45,"column":29}},"34":{"start":{"line":47,"column":4},"end":{"line":47,"column":25}},"35":{"start":{"line":48,"column":4},"end":{"line":48,"column":50}},"36":{"start":{"line":52,"column":19},"end":{"line":62,"column":1}},"37":{"start":{"line":53,"column":2},"end":{"line":61,"column":3}},"38":{"start":{"line":54,"column":15},"end":{"line":54,"column":36}},"39":{"start":{"line":55,"column":21},"end":{"line":55,"column":51}},"40":{"start":{"line":56,"column":4},"end":{"line":57,"column":29}},"41":{"start":{"line":56,"column":33},"end":{"line":56,"column":53}},"42":{"start":{"line":57,"column":9},"end":{"line":57,"column":29}},"43":{"start":{"line":59,"column":4},"end":{"line":59,"column":25}},"44":{"start":{"line":60,"column":4},"end":{"line":60,"column":50}}},"fnMap":{"0":{"name":"(anonymous_0)","decl":{"start":{"line":3,"column":15},"end":{"line":3,"column":16}},"loc":{"start":{"line":3,"column":34},"end":{"line":11,"column":1}},"line":3},"1":{"name":"(anonymous_1)","decl":{"start":{"line":13,"column":15},"end":{"line":13,"column":16}},"loc":{"start":{"line":13,"column":35},"end":{"line":23,"column":1}},"line":13},"2":{"name":"(anonymous_2)","decl":{"start":{"line":25,"column":19},"end":{"line":25,"column":20}},"loc":{"start":{"line":25,"column":39},"end":{"line":37,"column":1}},"line":25},"3":{"name":"(anonymous_3)","decl":{"start":{"line":39,"column":19},"end":{"line":39,"column":20}},"loc":{"start":{"line":39,"column":39},"end":{"line":50,"column":1}},"line":39},"4":{"name":"(anonymous_4)","decl":{"start":{"line":52,"column":19},"end":{"line":52,"column":20}},"loc":{"start":{"line":52,"column":39},"end":{"line":62,"column":1}},"line":52}},"branchMap":{"0":{"loc":{"start":{"line":17,"column":4},"end":{"line":18,"column":24}},"type":"if","locations":[{"start":{"line":17,"column":4},"end":{"line":18,"column":24}},{"start":{"line":18,"column":9},"end":{"line":18,"column":24}}],"line":17},"1":{"loc":{"start":{"line":29,"column":4},"end":{"line":29,"column":71}},"type":"if","locations":[{"start":{"line":29,"column":4},"end":{"line":29,"column":71}},{"start":{},"end":{}}],"line":29},"2":{"loc":{"start":{"line":44,"column":4},"end":{"line":45,"column":29}},"type":"if","locations":[{"start":{"line":44,"column":4},"end":{"line":45,"column":29}},{"start":{"line":45,"column":9},"end":{"line":45,"column":29}}],"line":44},"3":{"loc":{"start":{"line":56,"column":4},"end":{"line":57,"column":29}},"type":"if","locations":[{"start":{"line":56,"column":4},"end":{"line":57,"column":29}},{"start":{"line":57,"column":9},"end":{"line":57,"column":29}}],"line":56}},"s":{"0":2,"1":1,"2":1,"3":1,"4":0,"5":0,"6":2,"7":1,"8":1,"9":1,"10":1,"11":1,"12":0,"13":0,"14":0,"15":2,"16":1,"17":1,"18":1,"19":1,"20":0,"21":1,"22":1,"23":1,"24":0,"25":0,"26":2,"27":0,"28":0,"29":0,"30":0,"31":0,"32":0,"33":0,"34":0,"35":0,"36":2,"37":0,"38":0,"39":0,"40":0,"41":0,"42":0,"43":0,"44":0},"f":{"0":1,"1":1,"2":1,"3":0,"4":0},"b":{"0":[1,0],"1":[0,1],"2":[0,0],"3":[0,0]},"_coverageSchema":"1a1c01bbd47fc00a2c39e90264f33305004495a9","hash":"7234bc996e8b62ea6206cb29660077b94c77d570"}
,"/home/brian/Documents/mds_social/controllers/userController.js": {"path":"/home/brian/Documents/mds_social/controllers/userController.js","statementMap":{"0":{"start":{"line":4,"column":15},"end":{"line":12,"column":1}},"1":{"start":{"line":5,"column":2},"end":{"line":11,"column":3}},"2":{"start":{"line":6,"column":20},"end":{"line":6,"column":45}},"3":{"start":{"line":7,"column":4},"end":{"line":7,"column":20}},"4":{"start":{"line":9,"column":4},"end":{"line":9,"column":25}},"5":{"start":{"line":10,"column":4},"end":{"line":10,"column":50}},"6":{"start":{"line":14,"column":15},"end":{"line":24,"column":1}},"7":{"start":{"line":15,"column":2},"end":{"line":23,"column":3}},"8":{"start":{"line":16,"column":15},"end":{"line":16,"column":36}},"9":{"start":{"line":17,"column":21},"end":{"line":17,"column":48}},"10":{"start":{"line":18,"column":4},"end":{"line":19,"column":24}},"11":{"start":{"line":18,"column":15},"end":{"line":18,"column":35}},"12":{"start":{"line":19,"column":9},"end":{"line":19,"column":24}},"13":{"start":{"line":21,"column":4},"end":{"line":21,"column":25}},"14":{"start":{"line":22,"column":4},"end":{"line":22,"column":50}},"15":{"start":{"line":26,"column":19},"end":{"line":39,"column":1}},"16":{"start":{"line":27,"column":2},"end":{"line":38,"column":3}},"17":{"start":{"line":28,"column":17},"end":{"line":28,"column":25}},"18":{"start":{"line":29,"column":15},"end":{"line":29,"column":36}},"19":{"start":{"line":30,"column":4},"end":{"line":30,"column":77}},"20":{"start":{"line":30,"column":28},"end":{"line":30,"column":77}},"21":{"start":{"line":31,"column":4},"end":{"line":31,"column":72}},"22":{"start":{"line":31,"column":23},"end":{"line":31,"column":72}},"23":{"start":{"line":32,"column":21},"end":{"line":32,"column":56}},"24":{"start":{"line":33,"column":4},"end":{"line":34,"column":29}},"25":{"start":{"line":33,"column":33},"end":{"line":33,"column":53}},"26":{"start":{"line":34,"column":9},"end":{"line":34,"column":29}},"27":{"start":{"line":36,"column":4},"end":{"line":36,"column":25}},"28":{"start":{"line":37,"column":4},"end":{"line":37,"column":50}},"29":{"start":{"line":41,"column":19},"end":{"line":51,"column":1}},"30":{"start":{"line":42,"column":2},"end":{"line":50,"column":3}},"31":{"start":{"line":43,"column":15},"end":{"line":43,"column":36}},"32":{"start":{"line":44,"column":21},"end":{"line":44,"column":51}},"33":{"start":{"line":45,"column":4},"end":{"line":46,"column":29}},"34":{"start":{"line":45,"column":33},"end":{"line":45,"column":53}},"35":{"start":{"line":46,"column":9},"end":{"line":46,"column":29}},"36":{"start":{"line":48,"column":4},"end":{"line":48,"column":25}},"37":{"start":{"line":49,"column":4},"end":{"line":49,"column":50}}},"fnMap":{"0":{"name":"(anonymous_0)","decl":{"start":{"line":4,"column":15},"end":{"line":4,"column":16}},"loc":{"start":{"line":4,"column":40},"end":{"line":12,"column":1}},"line":4},"1":{"name":"(anonymous_1)","decl":{"start":{"line":14,"column":15},"end":{"line":14,"column":16}},"loc":{"start":{"line":14,"column":41},"end":{"line":24,"column":1}},"line":14},"2":{"name":"(anonymous_2)","decl":{"start":{"line":26,"column":19},"end":{"line":26,"column":20}},"loc":{"start":{"line":26,"column":45},"end":{"line":39,"column":1}},"line":26},"3":{"name":"(anonymous_3)","decl":{"start":{"line":41,"column":19},"end":{"line":41,"column":20}},"loc":{"start":{"line":41,"column":45},"end":{"line":51,"column":1}},"line":41}},"branchMap":{"0":{"loc":{"start":{"line":18,"column":4},"end":{"line":19,"column":24}},"type":"if","locations":[{"start":{"line":18,"column":4},"end":{"line":19,"column":24}},{"start":{"line":19,"column":9},"end":{"line":19,"column":24}}],"line":18},"1":{"loc":{"start":{"line":30,"column":4},"end":{"line":30,"column":77}},"type":"if","locations":[{"start":{"line":30,"column":4},"end":{"line":30,"column":77}},{"start":{},"end":{}}],"line":30},"2":{"loc":{"start":{"line":31,"column":4},"end":{"line":31,"column":72}},"type":"if","locations":[{"start":{"line":31,"column":4},"end":{"line":31,"column":72}},{"start":{},"end":{}}],"line":31},"3":{"loc":{"start":{"line":33,"column":4},"end":{"line":34,"column":29}},"type":"if","locations":[{"start":{"line":33,"column":4},"end":{"line":34,"column":29}},{"start":{"line":34,"column":9},"end":{"line":34,"column":29}}],"line":33},"4":{"loc":{"start":{"line":45,"column":4},"end":{"line":46,"column":29}},"type":"if","locations":[{"start":{"line":45,"column":4},"end":{"line":46,"column":29}},{"start":{"line":46,"column":9},"end":{"line":46,"column":29}}],"line":45}},"s":{"0":2,"1":1,"2":1,"3":1,"4":0,"5":0,"6":2,"7":1,"8":1,"9":1,"10":1,"11":0,"12":1,"13":0,"14":0,"15":2,"16":1,"17":1,"18":1,"19":1,"20":0,"21":1,"22":0,"23":1,"24":1,"25":1,"26":0,"27":0,"28":0,"29":2,"30":1,"31":1,"32":1,"33":1,"34":1,"35":0,"36":0,"37":0},"f":{"0":1,"1":1,"2":1,"3":1},"b":{"0":[0,1],"1":[0,1],"2":[0,1],"3":[1,0],"4":[1,0]},"_coverageSchema":"1a1c01bbd47fc00a2c39e90264f33305004495a9","hash":"136d8cba98f2e345264445ca3f89bc2890ba8357"}
,"/home/brian/Documents/mds_social/middlewares/isAuth.js": {"path":"/home/brian/Documents/mds_social/middlewares/isAuth.js","statementMap":{"0":{"start":{"line":3,"column":0},"end":{"line":3,"column":16}},"1":{"start":{"line":5,"column":15},"end":{"line":17,"column":1}},"2":{"start":{"line":6,"column":4},"end":{"line":16,"column":5}},"3":{"start":{"line":7,"column":22},"end":{"line":7,"column":65}},"4":{"start":{"line":8,"column":8},"end":{"line":8,"column":65}},"5":{"start":{"line":8,"column":20},"end":{"line":8,"column":65}},"6":{"start":{"line":10,"column":24},"end":{"line":10,"column":65}},"7":{"start":{"line":11,"column":8},"end":{"line":11,"column":27}},"8":{"start":{"line":12,"column":8},"end":{"line":12,"column":15}},"9":{"start":{"line":14,"column":8},"end":{"line":14,"column":27}},"10":{"start":{"line":15,"column":8},"end":{"line":15,"column":55}}},"fnMap":{"0":{"name":"(anonymous_0)","decl":{"start":{"line":5,"column":15},"end":{"line":5,"column":16}},"loc":{"start":{"line":5,"column":41},"end":{"line":17,"column":1}},"line":5}},"branchMap":{"0":{"loc":{"start":{"line":8,"column":8},"end":{"line":8,"column":65}},"type":"if","locations":[{"start":{"line":8,"column":8},"end":{"line":8,"column":65}},{"start":{},"end":{}}],"line":8}},"s":{"0":2,"1":2,"2":5,"3":5,"4":5,"5":2,"6":3,"7":3,"8":3,"9":0,"10":0},"f":{"0":5},"b":{"0":[2,3]},"_coverageSchema":"1a1c01bbd47fc00a2c39e90264f33305004495a9","hash":"a054fce55b3467a1c7095b9ebf6d1d82965986ca"}
,"/home/brian/Documents/mds_social/models/authModel.js": {"path":"/home/brian/Documents/mds_social/models/authModel.js","statementMap":{"0":{"start":{"line":3,"column":19},"end":{"line":5,"column":1}},"1":{"start":{"line":4,"column":4},"end":{"line":4,"column":117}},"2":{"start":{"line":7,"column":24},"end":{"line":9,"column":1}},"3":{"start":{"line":8,"column":4},"end":{"line":8,"column":68}}},"fnMap":{"0":{"name":"(anonymous_0)","decl":{"start":{"line":3,"column":19},"end":{"line":3,"column":20}},"loc":{"start":{"line":3,"column":54},"end":{"line":5,"column":1}},"line":3},"1":{"name":"(anonymous_1)","decl":{"start":{"line":7,"column":24},"end":{"line":7,"column":25}},"loc":{"start":{"line":7,"column":35},"end":{"line":9,"column":1}},"line":7}},"branchMap":{},"s":{"0":2,"1":2,"2":2,"3":5},"f":{"0":2,"1":5},"b":{},"_coverageSchema":"1a1c01bbd47fc00a2c39e90264f33305004495a9","hash":"46f31de08a494c5016417822b8b009d877a735a3"}
,"/home/brian/Documents/mds_social/models/postModel.js": {"path":"/home/brian/Documents/mds_social/models/postModel.js","statementMap":{"0":{"start":{"line":4,"column":16},"end":{"line":6,"column":1}},"1":{"start":{"line":5,"column":4},"end":{"line":5,"column":43}},"2":{"start":{"line":8,"column":16},"end":{"line":10,"column":1}},"3":{"start":{"line":9,"column":4},"end":{"line":9,"column":62}},"4":{"start":{"line":12,"column":18},"end":{"line":17,"column":1}},"5":{"start":{"line":13,"column":33},"end":{"line":13,"column":37}},"6":{"start":{"line":14,"column":4},"end":{"line":16,"column":7}},"7":{"start":{"line":19,"column":18},"end":{"line":21,"column":1}},"8":{"start":{"line":20,"column":4},"end":{"line":20,"column":67}},"9":{"start":{"line":23,"column":19},"end":{"line":25,"column":1}},"10":{"start":{"line":24,"column":4},"end":{"line":24,"column":60}}},"fnMap":{"0":{"name":"(anonymous_0)","decl":{"start":{"line":4,"column":16},"end":{"line":4,"column":17}},"loc":{"start":{"line":4,"column":22},"end":{"line":6,"column":1}},"line":4},"1":{"name":"(anonymous_1)","decl":{"start":{"line":8,"column":16},"end":{"line":8,"column":17}},"loc":{"start":{"line":8,"column":24},"end":{"line":10,"column":1}},"line":8},"2":{"name":"(anonymous_2)","decl":{"start":{"line":12,"column":18},"end":{"line":12,"column":19}},"loc":{"start":{"line":12,"column":28},"end":{"line":17,"column":1}},"line":12},"3":{"name":"(anonymous_3)","decl":{"start":{"line":19,"column":18},"end":{"line":19,"column":19}},"loc":{"start":{"line":19,"column":32},"end":{"line":21,"column":1}},"line":19},"4":{"name":"(anonymous_4)","decl":{"start":{"line":23,"column":19},"end":{"line":23,"column":20}},"loc":{"start":{"line":23,"column":27},"end":{"line":25,"column":1}},"line":23}},"branchMap":{},"s":{"0":2,"1":1,"2":2,"3":2,"4":2,"5":1,"6":1,"7":2,"8":0,"9":2,"10":0},"f":{"0":1,"1":2,"2":1,"3":0,"4":0},"b":{},"_coverageSchema":"1a1c01bbd47fc00a2c39e90264f33305004495a9","hash":"f8f1b274fe8053879c95b9cba3eefa6526fec680"}
,"/home/brian/Documents/mds_social/models/userModel.js": {"path":"/home/brian/Documents/mds_social/models/userModel.js","statementMap":{"0":{"start":{"line":4,"column":16},"end":{"line":6,"column":1}},"1":{"start":{"line":5,"column":4},"end":{"line":5,"column":43}},"2":{"start":{"line":8,"column":16},"end":{"line":10,"column":1}},"3":{"start":{"line":9,"column":4},"end":{"line":9,"column":62}},"4":{"start":{"line":12,"column":18},"end":{"line":17,"column":1}},"5":{"start":{"line":13,"column":40},"end":{"line":13,"column":44}},"6":{"start":{"line":14,"column":4},"end":{"line":16,"column":7}},"7":{"start":{"line":19,"column":18},"end":{"line":21,"column":1}},"8":{"start":{"line":20,"column":4},"end":{"line":20,"column":67}},"9":{"start":{"line":23,"column":19},"end":{"line":25,"column":1}},"10":{"start":{"line":24,"column":4},"end":{"line":24,"column":60}}},"fnMap":{"0":{"name":"(anonymous_0)","decl":{"start":{"line":4,"column":16},"end":{"line":4,"column":17}},"loc":{"start":{"line":4,"column":22},"end":{"line":6,"column":1}},"line":4},"1":{"name":"(anonymous_1)","decl":{"start":{"line":8,"column":16},"end":{"line":8,"column":17}},"loc":{"start":{"line":8,"column":24},"end":{"line":10,"column":1}},"line":8},"2":{"name":"(anonymous_2)","decl":{"start":{"line":12,"column":18},"end":{"line":12,"column":19}},"loc":{"start":{"line":12,"column":28},"end":{"line":17,"column":1}},"line":12},"3":{"name":"(anonymous_3)","decl":{"start":{"line":19,"column":18},"end":{"line":19,"column":19}},"loc":{"start":{"line":19,"column":32},"end":{"line":21,"column":1}},"line":19},"4":{"name":"(anonymous_4)","decl":{"start":{"line":23,"column":19},"end":{"line":23,"column":20}},"loc":{"start":{"line":23,"column":27},"end":{"line":25,"column":1}},"line":23}},"branchMap":{},"s":{"0":2,"1":1,"2":2,"3":1,"4":2,"5":0,"6":0,"7":2,"8":1,"9":2,"10":1},"f":{"0":1,"1":1,"2":0,"3":1,"4":1},"b":{},"_coverageSchema":"1a1c01bbd47fc00a2c39e90264f33305004495a9","hash":"4167bb91e9964b9fb06c42124208a6901872a54d"}
,"/home/brian/Documents/mds_social/routes/authRoutes.js": {"path":"/home/brian/Documents/mds_social/routes/authRoutes.js","statementMap":{"0":{"start":{"line":4,"column":15},"end":{"line":4,"column":23}},"1":{"start":{"line":6,"column":0},"end":{"line":6,"column":50}},"2":{"start":{"line":7,"column":0},"end":{"line":7,"column":44}}},"fnMap":{},"branchMap":{},"s":{"0":2,"1":2,"2":2},"f":{},"b":{},"_coverageSchema":"1a1c01bbd47fc00a2c39e90264f33305004495a9","hash":"7c1019d4fc821a2f59bc6971dd481b3f195debe9"}
,"/home/brian/Documents/mds_social/routes/postRoutes.js": {"path":"/home/brian/Documents/mds_social/routes/postRoutes.js","statementMap":{"0":{"start":{"line":5,"column":15},"end":{"line":5,"column":23}},"1":{"start":{"line":7,"column":0},"end":{"line":7,"column":44}},"2":{"start":{"line":8,"column":0},"end":{"line":8,"column":48}},"3":{"start":{"line":9,"column":0},"end":{"line":9,"column":57}},"4":{"start":{"line":10,"column":0},"end":{"line":10,"column":60}},"5":{"start":{"line":11,"column":0},"end":{"line":11,"column":63}}},"fnMap":{},"branchMap":{},"s":{"0":2,"1":2,"2":2,"3":2,"4":2,"5":2},"f":{},"b":{},"_coverageSchema":"1a1c01bbd47fc00a2c39e90264f33305004495a9","hash":"b446011467d7a062dd309bb47042b465b56b0f09"}
,"/home/brian/Documents/mds_social/routes/userRoutes.js": {"path":"/home/brian/Documents/mds_social/routes/userRoutes.js","statementMap":{"0":{"start":{"line":5,"column":15},"end":{"line":5,"column":23}},"1":{"start":{"line":7,"column":0},"end":{"line":7,"column":44}},"2":{"start":{"line":8,"column":0},"end":{"line":8,"column":48}},"3":{"start":{"line":9,"column":0},"end":{"line":9,"column":60}},"4":{"start":{"line":10,"column":0},"end":{"line":10,"column":63}}},"fnMap":{},"branchMap":{},"s":{"0":2,"1":2,"2":2,"3":2,"4":2},"f":{},"b":{},"_coverageSchema":"1a1c01bbd47fc00a2c39e90264f33305004495a9","hash":"9b4417e275bfbb73eab41479e0b6b53881078a6e"}
}
