TN:
SF:config/db.js
FNF:0
FNH:0
DA:3,2
DA:6,2
LF:2
LH:2
BRDA:11,0,0,2
BRDA:11,0,1,0
BRF:2
BRH:1
end_of_record
TN:
SF:config/server.js
FN:9,(anonymous_0)
FNF:1
FNH:0
FNDA:0,(anonymous_0)
DA:6,2
DA:7,2
DA:9,2
DA:10,0
DA:13,2
DA:14,2
DA:15,2
LF:7
LH:6
BRF:0
BRH:0
end_of_record
TN:
SF:controllers/authController.js
FN:7,(anonymous_0)
FN:24,(anonymous_1)
FNF:2
FNH:2
FNDA:3,(anonymous_0)
FNDA:3,(anonymous_1)
DA:5,2
DA:7,2
DA:8,3
DA:9,3
DA:10,3
DA:12,2
DA:13,2
DA:15,2
DA:16,2
DA:17,2
DA:19,0
DA:20,0
DA:24,2
DA:25,3
DA:26,3
DA:27,3
DA:29,3
DA:30,3
DA:32,3
DA:33,3
DA:35,3
DA:37,3
DA:39,0
DA:40,0
LF:24
LH:20
BRDA:10,0,0,1
BRDA:10,0,1,2
BRDA:10,1,0,3
BRDA:10,1,1,3
BRDA:10,1,2,2
BRDA:13,2,0,0
BRDA:13,2,1,2
BRDA:17,3,0,2
BRDA:17,3,1,0
BRDA:27,4,0,0
BRDA:27,4,1,3
BRDA:27,5,0,3
BRDA:27,5,1,3
BRDA:30,6,0,0
BRDA:30,6,1,3
BRDA:33,7,0,0
BRDA:33,7,1,3
BRF:17
BRH:12
end_of_record
TN:
SF:controllers/postController.js
FN:3,(anonymous_0)
FN:13,(anonymous_1)
FN:25,(anonymous_2)
FN:39,(anonymous_3)
FN:52,(anonymous_4)
FNF:5
FNH:3
FNDA:1,(anonymous_0)
FNDA:1,(anonymous_1)
FNDA:1,(anonymous_2)
FNDA:0,(anonymous_3)
FNDA:0,(anonymous_4)
DA:3,2
DA:4,1
DA:5,1
DA:6,1
DA:8,0
DA:9,0
DA:13,2
DA:14,1
DA:15,1
DA:16,1
DA:17,1
DA:18,0
DA:20,0
DA:21,0
DA:25,2
DA:26,1
DA:27,1
DA:28,1
DA:29,1
DA:30,1
DA:31,1
DA:32,1
DA:34,0
DA:35,0
DA:39,2
DA:40,0
DA:41,0
DA:42,0
DA:43,0
DA:44,0
DA:45,0
DA:47,0
DA:48,0
DA:52,2
DA:53,0
DA:54,0
DA:55,0
DA:56,0
DA:57,0
DA:59,0
DA:60,0
LF:41
LH:19
BRDA:17,0,0,1
BRDA:17,0,1,0
BRDA:29,1,0,0
BRDA:29,1,1,1
BRDA:44,2,0,0
BRDA:44,2,1,0
BRDA:56,3,0,0
BRDA:56,3,1,0
BRF:8
BRH:2
end_of_record
TN:
SF:controllers/userController.js
FN:4,(anonymous_0)
FN:14,(anonymous_1)
FN:26,(anonymous_2)
FN:41,(anonymous_3)
FNF:4
FNH:4
FNDA:1,(anonymous_0)
FNDA:1,(anonymous_1)
FNDA:1,(anonymous_2)
FNDA:1,(anonymous_3)
DA:4,2
DA:5,1
DA:6,1
DA:7,1
DA:9,0
DA:10,0
DA:14,2
DA:15,1
DA:16,1
DA:17,1
DA:18,1
DA:19,1
DA:21,0
DA:22,0
DA:26,2
DA:27,1
DA:28,1
DA:29,1
DA:30,1
DA:31,1
DA:32,1
DA:33,1
DA:34,0
DA:36,0
DA:37,0
DA:41,2
DA:42,1
DA:43,1
DA:44,1
DA:45,1
DA:46,0
DA:48,0
DA:49,0
LF:33
LH:23
BRDA:18,0,0,0
BRDA:18,0,1,1
BRDA:30,1,0,0
BRDA:30,1,1,1
BRDA:31,2,0,0
BRDA:31,2,1,1
BRDA:33,3,0,1
BRDA:33,3,1,0
BRDA:45,4,0,1
BRDA:45,4,1,0
BRF:10
BRH:5
end_of_record
TN:
SF:middlewares/isAuth.js
FN:5,(anonymous_0)
FNF:1
FNH:1
FNDA:5,(anonymous_0)
DA:3,2
DA:5,2
DA:6,5
DA:7,5
DA:8,5
DA:10,3
DA:11,3
DA:12,3
DA:14,0
DA:15,0
LF:10
LH:8
BRDA:8,0,0,2
BRDA:8,0,1,3
BRF:2
BRH:2
end_of_record
TN:
SF:models/authModel.js
FN:3,(anonymous_0)
FN:7,(anonymous_1)
FNF:2
FNH:2
FNDA:2,(anonymous_0)
FNDA:5,(anonymous_1)
DA:3,2
DA:4,2
DA:7,2
DA:8,5
LF:4
LH:4
BRF:0
BRH:0
end_of_record
TN:
SF:models/postModel.js
FN:4,(anonymous_0)
FN:8,(anonymous_1)
FN:12,(anonymous_2)
FN:19,(anonymous_3)
FN:23,(anonymous_4)
FNF:5
FNH:3
FNDA:1,(anonymous_0)
FNDA:2,(anonymous_1)
FNDA:1,(anonymous_2)
FNDA:0,(anonymous_3)
FNDA:0,(anonymous_4)
DA:4,2
DA:5,1
DA:8,2
DA:9,2
DA:12,2
DA:13,1
DA:14,1
DA:19,2
DA:20,0
DA:23,2
DA:24,0
LF:11
LH:9
BRF:0
BRH:0
end_of_record
TN:
SF:models/userModel.js
FN:4,(anonymous_0)
FN:8,(anonymous_1)
FN:12,(anonymous_2)
FN:19,(anonymous_3)
FN:23,(anonymous_4)
FNF:5
FNH:4
FNDA:1,(anonymous_0)
FNDA:1,(anonymous_1)
FNDA:0,(anonymous_2)
FNDA:1,(anonymous_3)
FNDA:1,(anonymous_4)
DA:4,2
DA:5,1
DA:8,2
DA:9,1
DA:12,2
DA:13,0
DA:14,0
DA:19,2
DA:20,1
DA:23,2
DA:24,1
LF:11
LH:9
BRF:0
BRH:0
end_of_record
TN:
SF:routes/authRoutes.js
FNF:0
FNH:0
DA:4,2
DA:6,2
DA:7,2
LF:3
LH:3
BRF:0
BRH:0
end_of_record
TN:
SF:routes/postRoutes.js
FNF:0
FNH:0
DA:5,2
DA:7,2
DA:8,2
DA:9,2
DA:10,2
DA:11,2
LF:6
LH:6
BRF:0
BRH:0
end_of_record
TN:
SF:routes/userRoutes.js
FNF:0
FNH:0
DA:5,2
DA:7,2
DA:8,2
DA:9,2
DA:10,2
LF:5
LH:5
BRF:0
BRH:0
end_of_record
